<?xml version="1.0" encoding="UTF-8"?>
<testsuite name="test.SQLConnection" tests="1" skipped="0" failures="0" errors="0" timestamp="2025-06-10T02:38:33" hostname="DESKTOP-R4ORVAT" time="0.013">
  <properties/>
  <testcase name="testMySQLConnection()" classname="test.SQLConnection" time="0.013"/>
  <system-out><![CDATA[]]></system-out>
  <system-err><![CDATA[]]></system-err>
</testsuite>
