<?xml version="1.0" encoding="UTF-8"?>
<testsuite name="test.SQLConnection" tests="1" skipped="0" failures="0" errors="0" timestamp="2025-06-09T23:35:59" hostname="DESKTOP-R4ORVAT" time="0.011">
  <properties/>
  <testcase name="testMySQLConnection()" classname="test.SQLConnection" time="0.011"/>
  <system-out><![CDATA[]]></system-out>
  <system-err><![CDATA[]]></system-err>
</testsuite>
