<?xml version="1.0" encoding="UTF-8"?>
<testsuite name="test.MySQLTest" tests="4" skipped="0" failures="0" errors="0" timestamp="2025-06-06T19:52:07" hostname="DESKTOP-R4ORVAT" time="0.135">
  <properties/>
  <testcase name="testSQLRegister()" classname="test.MySQLTest" time="0.126"/>
  <testcase name="testMySQLConnection()" classname="test.MySQLTest" time="0.001"/>
  <testcase name="testTableCreation()" classname="test.MySQLTest" time="0.002"/>
  <testcase name="testSQLExtractAllTasks()" classname="test.MySQLTest" time="0.003"/>
  <system-out><![CDATA[]]></system-out>
  <system-err><![CDATA[]]></system-err>
</testsuite>
