<?xml version="1.0" encoding="UTF-8"?>
<testsuite name="test.AppTest" tests="1" skipped="0" failures="0" errors="0" timestamp="2025-05-30T20:42:34" hostname="DESKTOP-R4ORVAT" time="0.321">
  <properties/>
  <testcase name="testMySQLConnection()" classname="test.AppTest" time="0.321"/>
  <system-out><![CDATA[]]></system-out>
  <system-err><![CDATA[]]></system-err>
</testsuite>
